[LOG] System::create                           : Header version = 2.01.05. Current version = 2.01.05.
[LOG] Manager::init                            : maxchannels = 256 studioflags = 00000006 flags 00000000 extradriverdata 0000000000000000.
[LOG] SystemI::init                            : Initialize version=20105 (112138), maxchannels=256, flags=0x00020000
[LOG] SystemI::setOutputInternal               : Setting output to 'FMOD WASAPI Output'
[LOG] OutputWASAPI::init                       : Mix Format (WAVEFORMATEX): wFormatTag=0xFFFE, nChannels=2, nSamplesPerSec=48000, nAvgBytesPerSec=384000, nBlockAlign=8, wBitsPerSample=32, cbSize=22.
[LOG] OutputWASAPI::init                       : Mix Format (WAVEFORMATEXTENSIBLE): wValidBitsPerSample=32, dwChannelMask=0x00000003, SubFormat=00000003-0000-0010-8000-00AA00389B71.
[LOG] OutputWASAPI::init                       : Output buffer size: 4096 samples, latency: 0.00ms, period: 10.00ms, DSP buffer: 1024 * 4
[LOG] Thread::initThread                       : Init FMOD stream thread. Affinity: 0x8000000000000003, Priority: 0xFFFF7FFB, Stack Size: 98304, Semaphore: No, Sleep Time: 10, Looping: Yes.
[LOG] Thread::initThread                       : Init FMOD mixer thread. Affinity: 0x8000000000000001, Priority: 0xFFFF7FFA, Stack Size: 81920, Semaphore: No, Sleep Time: 0, Looping: Yes.
[LOG] AsyncManager::init                       : manager 000002772E1732B8 isAsync 0 updatePeriod 0.02
[LOG] AsyncManager::init                       : done
[LOG] PlaybackSystem::init                     : 
[LOG] Thread::initThread                       : Init FMOD Studio sample load thread. Affinity: 0x8000000000000003, Priority: 0xFFFF7FFD, Stack Size: 98304, Semaphore: No, Sleep Time: 1, Looping: No.
[LOG] PlaybackSystem::init                     : done
[LOG] Thread::initThread                       : Init FMOD Studio bank load thread. Affinity: 0x8000000000000003, Priority: 0xFFFF7FFD, Stack Size: 98304, Semaphore: No, Sleep Time: 1, Looping: No.
[LOG] Manager::init                            : done.
[LOG] Manager::readBank                        : fileversion = 135, compatVersion = 132 (oldest = 44, newest = 135)
[LOG] SystemI::createSound                     : filename = Assets/Fmod Build Bank/Desktop/Master.bank : mode 02010082
[LOG] SystemI::createSound                     : FMOD_NONBLOCKING specified.  Putting into queue to be opened asynchronously!
[LOG] SystemI::createSound                     : setdata soundi = 00000276B0C1F748 : node = 00000276AE517D50
[LOG] SystemI::createSound                     : add node to async list : head = 000002771F277748.  list count = 0
[LOG] SystemI::createSound                     : filename = Assets/Fmod Build Bank/Desktop/Master.bank : mode 02010082
[LOG] AsyncThread::threadFunc                  : Starting Asynchronous operation on sound 00000276B0C1F748
[LOG] SystemI::createSoundInternal             :     Create name='Assets/Fmod Build Bank/Desktop/Master.bank', mode=0x02010082
[LOG] SystemI::createSound                     : FMOD_NONBLOCKING specified.  Putting into queue to be opened asynchronously!
[LOG] SystemI::createSoundInternal             :     exinfo->cbsize             = 224
[LOG] SystemI::createSound                     :     setdata soundi = 00000276B0C1F088 : node = 00000276AE517E90
[LOG] SystemI::createSoundInternal             :     exinfo->length             = 1327200
[LOG] SystemI::createSound                     :     add node to async list : head = 000002771F277748.  list count = 0
[LOG] SystemI::createSoundInternal             :     exinfo->fileoffset         = 7424
[LOG] SystemI::createSoundInternal             :     exinfo->numsubsounds       = 1
[LOG] SystemI::createSoundInternal             :     exinfo->inclusionlist      = 00000276AE517E60
[LOG] SystemI::createSoundInternal             :     exinfo->inclusionlistnum   = 1
[LOG] SystemI::createSoundInternal             :     exinfo->suggestedsoundtype = 5
[LOG] SystemI::createSoundInternal             :     exinfo->initialseekpostype = 1
[LOG] SystemI::createSoundInternal             :     Stream 0/1: name='MUS_Intensity2', format=5, channels=2, frequency=48000, lengthbytes=469696, lengthpcm=1570909, pcmblocksize=0, loopstart=0, loopend=0, mode=0x00000000, channelmask=0x00000000, channelorder=0, peakvolume=0.848699.
[LOG] AsyncThread::threadFunc                  : Finished Asynchronous operation on sound 00000276B0C1F748
[LOG] AsyncThread::threadFunc                  : Starting Asynchronous operation on sound 00000276B0C1F088
[LOG] SystemI::createSoundInternal             :     Create name='Assets/Fmod Build Bank/Desktop/Master.bank', mode=0x02010082
[LOG] SystemI::createSoundInternal             :     exinfo->cbsize             = 224
[LOG] SystemI::createSoundInternal             :     exinfo->length             = 1327200
[LOG] SystemI::createSoundInternal             :     exinfo->fileoffset         = 7424
[LOG] SystemI::createSoundInternal             :     exinfo->numsubsounds       = 1
[LOG] SystemI::createSoundInternal             :     exinfo->inclusionlist      = 00000276AE517FA0
[LOG] SystemI::createSoundInternal             :     exinfo->inclusionlistnum   = 1
[LOG] SystemI::createSoundInternal             :     exinfo->suggestedsoundtype = 5
[LOG] SystemI::createSoundInternal             :     exinfo->initialseekpostype = 1
[LOG] SystemI::createSoundInternal             :     Stream 0/1: name='MUS_Intensity1', format=5, channels=2, frequency=48000, lengthbytes=339776, lengthpcm=1256727, pcmblocksize=0, loopstart=0, loopend=0, mode=0x00000000, channelmask=0x00000000, channelorder=0, peakvolume=0.723309.
[LOG] AsyncThread::threadFunc                  : Finished Asynchronous operation on sound 00000276B0C1F088
[LOG] Manager::readBank                        : fileversion = 135, compatVersion = 132 (oldest = 44, newest = 135)
[LOG] Manager::readBank                        : fileversion = 135, compatVersion = 132 (oldest = 44, newest = 135)
[LOG] Manager::readBank                        : fileversion = 135, compatVersion = 132 (oldest = 44, newest = 135)
[LOG] Manager::readBank                        : fileversion = 135, compatVersion = 132 (oldest = 44, newest = 135)
[LOG] Manager::readBank                        : fileversion = 135, compatVersion = 132 (oldest = 44, newest = 135)
[LOG] SystemI::createSound                     : filename = Assets/Fmod Build Bank/Desktop/Master.bank : mode 02010082
[LOG] SystemI::createSound                     : FMOD_NONBLOCKING specified.  Putting into queue to be opened asynchronously!
[LOG] SystemI::createSound                     : setdata soundi = 00000276D5E373B8 : node = 00000277A4693640
[LOG] SystemI::createSound                     : add node to async list : head = 000002771F277748.  list count = 0
[LOG] AsyncThread::threadFunc                  : Starting Asynchronous operation on sound 00000276D5E373B8
[LOG] SystemI::createSound                     : filename = Assets/Fmod Build Bank/Desktop/Master.bank : mode 02010082
[LOG] SystemI::createSoundInternal             :     Create name='Assets/Fmod Build Bank/Desktop/Master.bank', mode=0x02010082
[LOG] SystemI::createSound                     :     FMOD_NONBLOCKING specified.  Putting into queue to be opened asynchronously!
[LOG] SystemI::createSoundInternal             :     exinfo->cbsize             = 224
[LOG] SystemI::createSound                     :     setdata soundi = 00000276D5E387F8 : node = 00000277A4692B00
[LOG] SystemI::createSoundInternal             :     exinfo->length             = 1327200
[LOG] SystemI::createSound                     :     add node to async list : head = 000002771F277748.  list count = 0
[LOG] SystemI::createSoundInternal             :     exinfo->fileoffset         = 7424
[LOG] SystemI::createSoundInternal             :     exinfo->numsubsounds       = 1
[LOG] SystemI::createSound                     :     filename = Assets/Fmod Build Bank/Desktop/Master.bank : mode 02010082
[LOG] SystemI::createSoundInternal             :     exinfo->inclusionlist      = 00000277A4693750
[LOG] SystemI::createSound                     :     FMOD_NONBLOCKING specified.  Putting into queue to be opened asynchronously!
[LOG] SystemI::createSoundInternal             :     exinfo->inclusionlistnum   = 1
[LOG] SystemI::createSound                     :     setdata soundi = 00000276D5E378C8 : node = 00000277A4692EC0
[LOG] SystemI::createSoundInternal             :     exinfo->suggestedsoundtype = 5
[LOG] SystemI::createSound                     :     add node to async list : head = 000002771F277748.  list count = 1
[LOG] SystemI::createSoundInternal             :     exinfo->initialseekpostype = 1
[LOG] SystemI::createSoundInternal             :     Stream 0/1: name='MUS_Intensity2', format=5, channels=2, frequency=48000, lengthbytes=469696, lengthpcm=1570909, pcmblocksize=0, loopstart=0, loopend=0, mode=0x00000000, channelmask=0x00000000, channelorder=0, peakvolume=0.848699.
[LOG] AsyncThread::threadFunc                  : Finished Asynchronous operation on sound 00000276D5E373B8
[LOG] AsyncThread::threadFunc                  : Starting Asynchronous operation on sound 00000276D5E387F8
[LOG] SystemI::createSoundInternal             :     Create name='Assets/Fmod Build Bank/Desktop/Master.bank', mode=0x02010082
[LOG] SystemI::createSoundInternal             :     exinfo->cbsize             = 224
[LOG] SystemI::createSoundInternal             :     exinfo->length             = 1327200
[LOG] SystemI::createSoundInternal             :     exinfo->fileoffset         = 7424
[LOG] SystemI::createSoundInternal             :     exinfo->numsubsounds       = 1
[LOG] SystemI::createSoundInternal             :     exinfo->inclusionlist      = 00000277A4692C10
[LOG] SystemI::createSoundInternal             :     exinfo->inclusionlistnum   = 1
[LOG] SystemI::createSoundInternal             :     exinfo->suggestedsoundtype = 5
[LOG] SystemI::createSoundInternal             :     exinfo->initialseekpostype = 1
[LOG] SystemI::createSoundInternal             :     Stream 0/1: name='MUS_Intensity1', format=5, channels=2, frequency=48000, lengthbytes=339776, lengthpcm=1256727, pcmblocksize=0, loopstart=0, loopend=0, mode=0x00000000, channelmask=0x00000000, channelorder=0, peakvolume=0.723309.
[LOG] AsyncThread::threadFunc                  : Finished Asynchronous operation on sound 00000276D5E387F8
[LOG] AsyncThread::threadFunc                  : Starting Asynchronous operation on sound 00000276D5E378C8
[LOG] SystemI::createSoundInternal             :     Create name='Assets/Fmod Build Bank/Desktop/Master.bank', mode=0x02010082
[LOG] SystemI::createSoundInternal             :     exinfo->cbsize             = 224
[LOG] SystemI::createSoundInternal             :     exinfo->length             = 1327200
[LOG] SystemI::createSoundInternal             :     exinfo->fileoffset         = 7424
[LOG] SystemI::createSoundInternal             :     exinfo->numsubsounds       = 1
[LOG] SystemI::createSoundInternal             :     exinfo->inclusionlist      = 00000277A4692FD0
[LOG] SystemI::createSoundInternal             :     exinfo->inclusionlistnum   = 1
[LOG] SystemI::createSoundInternal             :     exinfo->suggestedsoundtype = 5
[LOG] SystemI::createSoundInternal             :     exinfo->initialseekposition = 1120
[LOG] SystemI::createSoundInternal             :     exinfo->initialseekpostype = 1
[LOG] SystemI::createSoundInternal             :     Stream 0/1: name='MUS_Intensity3', format=5, channels=2, frequency=48000, lengthbytes=505888, lengthpcm=1728000, pcmblocksize=0, loopstart=0, loopend=0, mode=0x00000000, channelmask=0x00000000, channelorder=0, peakvolume=0.877834.
[LOG] AsyncThread::threadFunc                  : Finished Asynchronous operation on sound 00000276D5E378C8
[LOG] SoundI::release                          : MUS_Intensity1 (00000276B0C1F088)
[LOG] SoundI::release                          :     MUS_Intensity1 (0000027696CA9128)
[LOG] SoundI::release                          :     MUS_Intensity1 (00000276B0C1FAA8)
[LOG] SoundI::release                          : MUS_Intensity2 (00000276B0C1F748)
[LOG] SoundI::release                          :     MUS_Intensity2 (0000027696CA8768)
[LOG] SoundI::release                          :     MUS_Intensity2 (00000276B0C1F3E8)
[LOG] SoundI::release                          : MUS_Intensity3 (00000276969AD158)
[LOG] SoundI::release                          :     MUS_Intensity3 (00000276B17A7748)
[LOG] SoundI::release                          :     MUS_Intensity3 (00000276969ACA98)
[LOG] Manager::readBank                        : fileversion = 135, compatVersion = 132 (oldest = 44, newest = 135)
[LOG] SystemI::createSoundInternal             : Create name='', mode=0x02000202
[LOG] SystemI::createSoundInternal             : exinfo->cbsize             = 224
[LOG] SystemI::createSoundInternal             : exinfo->length             = 1327200
[LOG] SystemI::createSoundInternal             : exinfo->fileoffset         = 7424
[LOG] SystemI::createSoundInternal             : exinfo->numsubsounds       = 1
[LOG] SystemI::createSoundInternal             : exinfo->inclusionlist      = 000000FFA3D0F1D8
[LOG] SystemI::createSoundInternal             : exinfo->inclusionlistnum   = 1
[LOG] SystemI::createSoundInternal             : exinfo->suggestedsoundtype = 5
[LOG] SystemI::createSoundInternal             : exinfo->useropen           = 00007FF8B6127E30
[LOG] SystemI::createSoundInternal             : exinfo->userclose          = 00007FF8B6127E00
[LOG] SystemI::createSoundInternal             : exinfo->userread           = 00007FF8B6127F00
[LOG] SystemI::createSoundInternal             : exinfo->userseek           = 00007FF8B6127FC0
[LOG] SystemI::createSoundInternal             : exinfo->fileuserdata       = 000002772E9C47F8
[LOG] SystemI::createSoundInternal             : exinfo->initialseekpostype = 1
[LOG] SystemI::DSPCodecPoolRegister            : register codec pool for pool type 5
[LOG] SystemI::createSoundInternal             : Sample 0/1: name='sword_woosh_2', format=5, channels=2, frequency=48000, lengthbytes=5952, lengthpcm=49845, pcmblocksize=0, loopstart=0, loopend=0, mode=0x00000000, channelmask=0x00000000, channelorder=0, peakvolume=0.972748.
[LOG] SystemI::createSoundInternal             : Create name='', mode=0x02000202
[LOG] SystemI::createSoundInternal             : exinfo->cbsize             = 224
[LOG] SystemI::createSoundInternal             : exinfo->length             = 1327200
[LOG] SystemI::createSoundInternal             : exinfo->fileoffset         = 7424
[LOG] SystemI::createSoundInternal             : exinfo->numsubsounds       = 1
[LOG] SystemI::createSoundInternal             : exinfo->inclusionlist      = 000000FFA3D0F1D8
[LOG] SystemI::createSoundInternal             : exinfo->inclusionlistnum   = 1
[LOG] SystemI::createSoundInternal             : exinfo->suggestedsoundtype = 5
[LOG] SystemI::createSoundInternal             : exinfo->useropen           = 00007FF8B6127E30
[LOG] SystemI::createSoundInternal             : exinfo->userclose          = 00007FF8B6127E00
[LOG] SystemI::createSoundInternal             : exinfo->userread           = 00007FF8B6127F00
[LOG] SystemI::createSoundInternal             : exinfo->userseek           = 00007FF8B6127FC0
[LOG] SystemI::createSoundInternal             : exinfo->fileuserdata       = 000002772E9C47F8
[LOG] SystemI::createSoundInternal             : exinfo->initialseekpostype = 1
[LOG] SystemI::DSPCodecPoolRegister            : register codec pool for pool type 5
[LOG] SystemI::createSoundInternal             : Sample 0/1: name='sword_woosh_1', format=5, channels=2, frequency=48000, lengthbytes=4832, lengthpcm=27691, pcmblocksize=0, loopstart=0, loopend=0, mode=0x00000000, channelmask=0x00000000, channelorder=0, peakvolume=0.959442.
[LOG] Manager::readBank                        : fileversion = 135, compatVersion = 132 (oldest = 44, newest = 135)
[LOG] Manager::readBank                        : fileversion = 135, compatVersion = 132 (oldest = 44, newest = 135)
[LOG] Manager::readBank                        : fileversion = 135, compatVersion = 132 (oldest = 44, newest = 135)
[LOG] Manager::readBank                        : fileversion = 135, compatVersion = 132 (oldest = 44, newest = 135)
[LOG] SystemI::createSound                     : filename = Assets/Fmod Build Bank/Desktop/Master.bank : mode 02010082
[LOG] SystemI::createSound                     : FMOD_NONBLOCKING specified.  Putting into queue to be opened asynchronously!
[LOG] SystemI::createSound                     : setdata soundi = 00000276969AD668 : node = 000002771F8C3190
[LOG] SystemI::createSound                     : add node to async list : head = 000002771F277748.  list count = 0
[LOG] AsyncThread::threadFunc                  : Starting Asynchronous operation on sound 00000276969AD668
[LOG] SystemI::createSound                     : filename = Assets/Fmod Build Bank/Desktop/Master.bank : mode 02010082
[LOG] SystemI::createSoundInternal             :     Create name='Assets/Fmod Build Bank/Desktop/Master.bank', mode=0x02010082
[LOG] SystemI::createSound                     :     FMOD_NONBLOCKING specified.  Putting into queue to be opened asynchronously!
[LOG] SystemI::createSoundInternal             :     exinfo->cbsize             = 224
[LOG] SystemI::createSound                     :     setdata soundi = 00000276969AD4B8 : node = 000002771F8C32D0
[LOG] SystemI::createSoundInternal             :     exinfo->length             = 1327200
[LOG] SystemI::createSound                     :     add node to async list : head = 000002771F277748.  list count = 0
[LOG] SystemI::createSoundInternal             :     exinfo->fileoffset         = 7424
[LOG] SystemI::createSoundInternal             :     exinfo->numsubsounds       = 1
[LOG] SystemI::createSound                     :     filename = Assets/Fmod Build Bank/Desktop/Master.bank : mode 02010082
[LOG] SystemI::createSoundInternal             :     exinfo->inclusionlist      = 000002771F8C32A0
[LOG] SystemI::createSound                     :     FMOD_NONBLOCKING specified.  Putting into queue to be opened asynchronously!
[LOG] SystemI::createSoundInternal             :     exinfo->inclusionlistnum   = 1
[LOG] SystemI::createSound                     :     setdata soundi = 00000276969ADB78 : node = 00000276AF6ABB60
[LOG] SystemI::createSoundInternal             :     exinfo->suggestedsoundtype = 5
[LOG] SystemI::createSound                     :     add node to async list : head = 000002771F277748.  list count = 1
[LOG] SystemI::createSoundInternal             :     exinfo->initialseekpostype = 1
[LOG] SystemI::createSoundInternal             :     Stream 0/1: name='MUS_Intensity2', format=5, channels=2, frequency=48000, lengthbytes=469696, lengthpcm=1570909, pcmblocksize=0, loopstart=0, loopend=0, mode=0x00000000, channelmask=0x00000000, channelorder=0, peakvolume=0.848699.
[LOG] AsyncThread::threadFunc                  : Finished Asynchronous operation on sound 00000276969AD668
[LOG] AsyncThread::threadFunc                  : Starting Asynchronous operation on sound 00000276969AD4B8
[LOG] SystemI::createSoundInternal             :     Create name='Assets/Fmod Build Bank/Desktop/Master.bank', mode=0x02010082
[LOG] SystemI::createSoundInternal             :     exinfo->cbsize             = 224
[LOG] SystemI::createSoundInternal             :     exinfo->length             = 1327200
[LOG] SystemI::createSoundInternal             :     exinfo->fileoffset         = 7424
[LOG] SystemI::createSoundInternal             :     exinfo->numsubsounds       = 1
[LOG] SystemI::createSoundInternal             :     exinfo->inclusionlist      = 000002771F8C33E0
[LOG] SystemI::createSoundInternal             :     exinfo->inclusionlistnum   = 1
[LOG] SystemI::createSoundInternal             :     exinfo->suggestedsoundtype = 5
[LOG] SystemI::createSoundInternal             :     exinfo->initialseekpostype = 1
[LOG] SystemI::createSoundInternal             :     Stream 0/1: name='MUS_Intensity1', format=5, channels=2, frequency=48000, lengthbytes=339776, lengthpcm=1256727, pcmblocksize=0, loopstart=0, loopend=0, mode=0x00000000, channelmask=0x00000000, channelorder=0, peakvolume=0.723309.
[LOG] AsyncThread::threadFunc                  : Finished Asynchronous operation on sound 00000276969AD4B8
[LOG] AsyncThread::threadFunc                  : Starting Asynchronous operation on sound 00000276969ADB78
[LOG] SystemI::createSoundInternal             :     Create name='Assets/Fmod Build Bank/Desktop/Master.bank', mode=0x02010082
[LOG] SystemI::createSoundInternal             :     exinfo->cbsize             = 224
[LOG] SystemI::createSoundInternal             :     exinfo->length             = 1327200
[LOG] SystemI::createSoundInternal             :     exinfo->fileoffset         = 7424
[LOG] SystemI::createSoundInternal             :     exinfo->numsubsounds       = 1
[LOG] SystemI::createSoundInternal             :     exinfo->inclusionlist      = 00000276AF6ABC70
[LOG] SystemI::createSoundInternal             :     exinfo->inclusionlistnum   = 1
[LOG] SystemI::createSoundInternal             :     exinfo->suggestedsoundtype = 5
[LOG] SystemI::createSoundInternal             :     exinfo->initialseekposition = 1120
[LOG] SystemI::createSoundInternal             :     exinfo->initialseekpostype = 1
[LOG] SystemI::createSoundInternal             :     Stream 0/1: name='MUS_Intensity3', format=5, channels=2, frequency=48000, lengthbytes=505888, lengthpcm=1728000, pcmblocksize=0, loopstart=0, loopend=0, mode=0x00000000, channelmask=0x00000000, channelorder=0, peakvolume=0.877834.
[LOG] AsyncThread::threadFunc                  : Finished Asynchronous operation on sound 00000276969ADB78
[LOG] SoundI::release                          : MUS_Intensity1 (00000276D5E387F8)
[LOG] SoundI::release                          :     MUS_Intensity1 (0000027696CA7588)
[LOG] SoundI::release                          :     MUS_Intensity1 (00000276D5E37058)
[LOG] SoundI::release                          : MUS_Intensity3 (00000276D5E378C8)
[LOG] SoundI::release                          :     MUS_Intensity3 (0000027696CA8AA8)
[LOG] SoundI::release                          :     MUS_Intensity3 (00000276969AC738)
[LOG] SoundI::release                          : MUS_Intensity2 (00000276D5E373B8)
[LOG] SoundI::release                          :     MUS_Intensity2 (0000027696CA7C08)
[LOG] SoundI::release                          :     MUS_Intensity2 (00000276D5E36EA8)
[LOG] SoundI::release                          : MUS_Intensity3 (00000276969ADB78)
[LOG] SoundI::release                          :     MUS_Intensity3 (00000276B18CEFB8)
[LOG] SoundI::release                          :     MUS_Intensity3 (00000276969AC588)
[LOG] SoundI::release                          : MUS_Intensity1 (00000276969AD4B8)
[LOG] SoundI::release                          :     MUS_Intensity1 (00000276B18D1378)
[LOG] SoundI::release                          :     MUS_Intensity1 (00000276969AC078)
[LOG] SoundI::release                          : MUS_Intensity2 (00000276969AD668)
[LOG] SoundI::release                          :     MUS_Intensity2 (00000276B18D2A38)
[LOG] SoundI::release                          :     MUS_Intensity2 (00000276969ADD28)
[LOG] SoundI::release                          :  (00000276964B9418)
[LOG] SoundI::release                          :     sword_woosh_1 (0000027696CA8768)
[LOG] SoundI::release                          :  (00000276964B8E58)
[LOG] SoundI::release                          :     sword_woosh_2 (0000027696CA7DA8)
[LOG] Thread::callback                         : FMOD Studio update thread finished.
[LOG] Thread::callback                         : FMOD Studio bank load thread finished.
[LOG] Profile::disconnectAll                   : Profiler disconnecting all clients
[LOG] Thread::callback                         : FMOD Studio sample load thread finished.
[LOG] LiveUpdate::release                      : 
[LOG] LiveUpdate::reset                        : Reset connection (reason Disconnected)
[LOG] Thread::callback                         : FMOD stream thread finished.
[LOG] Thread::callback                         : FMOD mixer thread finished.
[LOG] Profile::disconnectAll                   : Profiler disconnecting all clients
[LOG] SystemI::close                           : Closed.
[LOG] Manager::readBank                        : fileversion = 135, compatVersion = 132 (oldest = 44, newest = 135)
[LOG] Manager::readBank                        : fileversion = 135, compatVersion = 132 (oldest = 44, newest = 135)
[LOG] Manager::readBank                        : fileversion = 135, compatVersion = 132 (oldest = 44, newest = 135)
[LOG] PlaybackSystem::acquireMasterBus         : Setting master channel group format to 6
